This file contains any messages produced by compilers while
running configure, to aid debugging if configure makes a mistake.

It was created by FULL-PACKAGE-NAME configure VERSION, which was
generated by GNU Autoconf 2.63.  Invocation command line was

  $ ./configure 

## --------- ##
## Platform. ##
## --------- ##

hostname = localhost
uname -m = x86_64
uname -r = 2.6.27-gentoo-r5
uname -s = Linux
uname -v = #2 SMP PREEMPT Sun Dec 7 15:16:52 CST 2008

/usr/bin/uname -p = Intel(R) Core(TM)2 CPU T7200 @ 2.00GHz
/bin/uname -X     = unknown

/bin/arch              = unknown
/usr/bin/arch -k       = unknown
/usr/convex/getsysinfo = unknown
/usr/bin/hostinfo      = unknown
/bin/machine           = unknown
/usr/bin/oslevel       = unknown
/bin/universe          = unknown

PATH: /usr/local/bin
PATH: /usr/bin
PATH: /bin
PATH: /opt/bin
PATH: /usr/x86_64-pc-linux-gnu/gcc-bin/4.3.2
PATH: /opt/blackdown-jdk-1.4.2.03/bin
PATH: /opt/blackdown-jdk-1.4.2.03/jre/bin
PATH: /usr/lib/plan9/bin
PATH: /usr/qt/3/bin
PATH: /usr/games/bin
PATH: /usr/brlcad/bin
PATH: /opt/intel/compiler100/bin
PATH: /home/dli/bin


## ----------- ##
## Core tests. ##
## ----------- ##

configure:1882: checking for a BSD-compatible install
configure:1950: result: /usr/bin/install -c
configure:1961: checking whether build environment is sane
configure:2004: result: yes
configure:2029: checking for a thread-safe mkdir -p
configure:2068: result: /bin/mkdir -p
configure:2081: checking for gawk
configure:2097: found /usr/bin/gawk
configure:2108: result: gawk
configure:2119: checking whether make sets $(MAKE)
configure:2141: result: yes
configure:2388: checking for g++
configure:2404: found /usr/bin/g++
configure:2415: result: g++
configure:2442: checking for C++ compiler version
configure:2450: g++ --version >&5
g++ (Gentoo 4.3.2 p1.2) 4.3.2
Copyright (C) 2008 Free Software Foundation, Inc.
This is free software; see the source for copying conditions.  There is NO
warranty; not even for MERCHANTABILITY or FITNESS FOR A PARTICULAR PURPOSE.

configure:2454: $? = 0
configure:2461: g++ -v >&5
Using built-in specs.
Target: x86_64-pc-linux-gnu
Configured with: /var/tmp/portage/sys-devel/gcc-4.3.2/work/gcc-4.3.2/configure --prefix=/usr --bindir=/usr/x86_64-pc-linux-gnu/gcc-bin/4.3.2 --includedir=/usr/lib/gcc/x86_64-pc-linux-gnu/4.3.2/include --datadir=/usr/share/gcc-data/x86_64-pc-linux-gnu/4.3.2 --mandir=/usr/share/gcc-data/x86_64-pc-linux-gnu/4.3.2/man --infodir=/usr/share/gcc-data/x86_64-pc-linux-gnu/4.3.2/info --with-gxx-include-dir=/usr/lib/gcc/x86_64-pc-linux-gnu/4.3.2/include/g++-v4 --host=x86_64-pc-linux-gnu --build=x86_64-pc-linux-gnu --disable-altivec --disable-fixed-point --enable-nls --without-included-gettext --with-system-zlib --disable-checking --disable-werror --enable-secureplt --enable-multilib --enable-libmudflap --disable-libssp --enable-libgomp --enable-cld --enable-java-awt=gtk --enable-languages=c,c++,java,treelang,fortran --enable-shared --enable-threads=posix --enable-__cxa_atexit --enable-clocale=gnu --with-bugurl=http://bugs.gentoo.org/ --with-pkgversion='Gentoo 4.3.2 p1.2'
Thread model: posix
gcc version 4.3.2 (Gentoo 4.3.2 p1.2) 
configure:2465: $? = 0
configure:2472: g++ -V >&5
g++: '-V' option must have argument
configure:2476: $? = 1
configure:2499: checking for C++ compiler default output file name
configure:2521: g++    conftest.cpp  >&5
configure:2525: $? = 0
configure:2563: result: a.out
configure:2582: checking whether the C++ compiler works
configure:2592: ./a.out
configure:2596: $? = 0
configure:2615: result: yes
configure:2622: checking whether we are cross compiling
configure:2624: result: no
configure:2627: checking for suffix of executables
configure:2634: g++ -o conftest    conftest.cpp  >&5
configure:2638: $? = 0
configure:2664: result: 
configure:2670: checking for suffix of object files
configure:2696: g++ -c   conftest.cpp >&5
configure:2700: $? = 0
configure:2725: result: o
configure:2729: checking whether we are using the GNU C++ compiler
configure:2758: g++ -c   conftest.cpp >&5
configure:2765: $? = 0
configure:2782: result: yes
configure:2791: checking whether g++ accepts -g
configure:2821: g++ -c -g  conftest.cpp >&5
configure:2828: $? = 0
configure:2929: result: yes
configure:2963: checking for style of include used by make
configure:2991: result: GNU
configure:3016: checking dependency style of g++
configure:3107: result: gcc3
configure:3170: checking for gcc
configure:3186: found /usr/bin/gcc
configure:3197: result: gcc
configure:3429: checking for C compiler version
configure:3437: gcc --version >&5
gcc (Gentoo 4.3.2 p1.2) 4.3.2
Copyright (C) 2008 Free Software Foundation, Inc.
This is free software; see the source for copying conditions.  There is NO
warranty; not even for MERCHANTABILITY or FITNESS FOR A PARTICULAR PURPOSE.

configure:3441: $? = 0
configure:3448: gcc -v >&5
Using built-in specs.
Target: x86_64-pc-linux-gnu
Configured with: /var/tmp/portage/sys-devel/gcc-4.3.2/work/gcc-4.3.2/configure --prefix=/usr --bindir=/usr/x86_64-pc-linux-gnu/gcc-bin/4.3.2 --includedir=/usr/lib/gcc/x86_64-pc-linux-gnu/4.3.2/include --datadir=/usr/share/gcc-data/x86_64-pc-linux-gnu/4.3.2 --mandir=/usr/share/gcc-data/x86_64-pc-linux-gnu/4.3.2/man --infodir=/usr/share/gcc-data/x86_64-pc-linux-gnu/4.3.2/info --with-gxx-include-dir=/usr/lib/gcc/x86_64-pc-linux-gnu/4.3.2/include/g++-v4 --host=x86_64-pc-linux-gnu --build=x86_64-pc-linux-gnu --disable-altivec --disable-fixed-point --enable-nls --without-included-gettext --with-system-zlib --disable-checking --disable-werror --enable-secureplt --enable-multilib --enable-libmudflap --disable-libssp --enable-libgomp --enable-cld --enable-java-awt=gtk --enable-languages=c,c++,java,treelang,fortran --enable-shared --enable-threads=posix --enable-__cxa_atexit --enable-clocale=gnu --with-bugurl=http://bugs.gentoo.org/ --with-pkgversion='Gentoo 4.3.2 p1.2'
Thread model: posix
gcc version 4.3.2 (Gentoo 4.3.2 p1.2) 
configure:3452: $? = 0
configure:3459: gcc -V >&5
gcc: '-V' option must have argument
configure:3463: $? = 1
configure:3466: checking whether we are using the GNU C compiler
configure:3495: gcc -c   conftest.c >&5
configure:3502: $? = 0
configure:3519: result: yes
configure:3528: checking whether gcc accepts -g
configure:3558: gcc -c -g  conftest.c >&5
configure:3565: $? = 0
configure:3666: result: yes
configure:3683: checking for gcc option to accept ISO C89
configure:3757: gcc  -c -g -O2  conftest.c >&5
configure:3764: $? = 0
configure:3787: result: none needed
configure:3807: checking dependency style of gcc
configure:3898: result: gcc3
configure:3927: checking for a BSD-compatible install
configure:3995: result: /usr/bin/install -c
configure:4006: checking whether make sets $(MAKE)
configure:4028: result: yes
configure:4047: checking how to run the C preprocessor
configure:4087: gcc -E  conftest.c
configure:4094: $? = 0
configure:4125: gcc -E  conftest.c
conftest.c:10:28: error: ac_nonexistent.h: No such file or directory
configure:4132: $? = 1
configure: failed program was:
| /* confdefs.h.  */
| #define PACKAGE_NAME "FULL-PACKAGE-NAME"
| #define PACKAGE_TARNAME "full-package-name"
| #define PACKAGE_VERSION "VERSION"
| #define PACKAGE_STRING "FULL-PACKAGE-NAME VERSION"
| #define PACKAGE_BUGREPORT "BUG-REPORT-ADDRESS"
| #define PACKAGE "full-package-name"
| #define VERSION "VERSION"
| /* end confdefs.h.  */
| #include <ac_nonexistent.h>
configure:4165: result: gcc -E
configure:4194: gcc -E  conftest.c
configure:4201: $? = 0
configure:4232: gcc -E  conftest.c
conftest.c:10:28: error: ac_nonexistent.h: No such file or directory
configure:4239: $? = 1
configure: failed program was:
| /* confdefs.h.  */
| #define PACKAGE_NAME "FULL-PACKAGE-NAME"
| #define PACKAGE_TARNAME "full-package-name"
| #define PACKAGE_VERSION "VERSION"
| #define PACKAGE_STRING "FULL-PACKAGE-NAME VERSION"
| #define PACKAGE_BUGREPORT "BUG-REPORT-ADDRESS"
| #define PACKAGE "full-package-name"
| #define VERSION "VERSION"
| /* end confdefs.h.  */
| #include <ac_nonexistent.h>
configure:4279: checking for grep that handles long lines and -e
configure:4339: result: /bin/grep
configure:4344: checking for egrep
configure:4408: result: /bin/grep -E
configure:4413: checking for ANSI C header files
configure:4443: gcc -c -g -O2  conftest.c >&5
configure:4450: $? = 0
configure:4549: gcc -o conftest -g -O2   conftest.c  >&5
configure:4553: $? = 0
configure:4559: ./conftest
configure:4563: $? = 0
configure:4581: result: yes
configure:4591: checking for sys/wait.h that is POSIX.1 compatible
configure:4627: gcc -c -g -O2  conftest.c >&5
configure:4634: $? = 0
configure:4649: result: yes
configure:4673: checking for sys/types.h
configure:4694: gcc -c -g -O2  conftest.c >&5
configure:4701: $? = 0
configure:4718: result: yes
configure:4673: checking for sys/stat.h
configure:4694: gcc -c -g -O2  conftest.c >&5
configure:4701: $? = 0
configure:4718: result: yes
configure:4673: checking for stdlib.h
configure:4694: gcc -c -g -O2  conftest.c >&5
configure:4701: $? = 0
configure:4718: result: yes
configure:4673: checking for string.h
configure:4694: gcc -c -g -O2  conftest.c >&5
configure:4701: $? = 0
configure:4718: result: yes
configure:4673: checking for memory.h
configure:4694: gcc -c -g -O2  conftest.c >&5
configure:4701: $? = 0
configure:4718: result: yes
configure:4673: checking for strings.h
configure:4694: gcc -c -g -O2  conftest.c >&5
configure:4701: $? = 0
configure:4718: result: yes
configure:4673: checking for inttypes.h
configure:4694: gcc -c -g -O2  conftest.c >&5
configure:4701: $? = 0
configure:4718: result: yes
configure:4673: checking for stdint.h
configure:4694: gcc -c -g -O2  conftest.c >&5
configure:4701: $? = 0
configure:4718: result: yes
configure:4673: checking for unistd.h
configure:4694: gcc -c -g -O2  conftest.c >&5
configure:4701: $? = 0
configure:4718: result: yes
configure:4739: checking for stdlib.h
configure:4746: result: yes
configure:4750: checking sys/time.h usability
configure:4767: gcc -c -g -O2  conftest.c >&5
configure:4774: $? = 0
configure:4788: result: yes
configure:4792: checking sys/time.h presence
configure:4807: gcc -E  conftest.c
configure:4814: $? = 0
configure:4828: result: yes
configure:4861: checking for sys/time.h
configure:4870: result: yes
configure:4739: checking for unistd.h
configure:4746: result: yes
configure:4887: checking for stdbool.h that conforms to C99
configure:4982: gcc -c -g -O2  conftest.c >&5
configure:4989: $? = 0
configure:5004: result: yes
configure:5006: checking for _Bool
configure:5034: gcc -c -g -O2  conftest.c >&5
configure:5041: $? = 0
configure:5068: gcc -c -g -O2  conftest.c >&5
conftest.c: In function 'main':
conftest.c:60: error: expected expression before ')' token
configure:5075: $? = 1
configure: failed program was:
| /* confdefs.h.  */
| #define PACKAGE_NAME "FULL-PACKAGE-NAME"
| #define PACKAGE_TARNAME "full-package-name"
| #define PACKAGE_VERSION "VERSION"
| #define PACKAGE_STRING "FULL-PACKAGE-NAME VERSION"
| #define PACKAGE_BUGREPORT "BUG-REPORT-ADDRESS"
| #define PACKAGE "full-package-name"
| #define VERSION "VERSION"
| #define STDC_HEADERS 1
| #define HAVE_SYS_WAIT_H 1
| #define HAVE_SYS_TYPES_H 1
| #define HAVE_SYS_STAT_H 1
| #define HAVE_STDLIB_H 1
| #define HAVE_STRING_H 1
| #define HAVE_MEMORY_H 1
| #define HAVE_STRINGS_H 1
| #define HAVE_INTTYPES_H 1
| #define HAVE_STDINT_H 1
| #define HAVE_UNISTD_H 1
| #define HAVE_STDLIB_H 1
| #define HAVE_SYS_TIME_H 1
| #define HAVE_UNISTD_H 1
| /* end confdefs.h.  */
| #include <stdio.h>
| #ifdef HAVE_SYS_TYPES_H
| # include <sys/types.h>
| #endif
| #ifdef HAVE_SYS_STAT_H
| # include <sys/stat.h>
| #endif
| #ifdef STDC_HEADERS
| # include <stdlib.h>
| # include <stddef.h>
| #else
| # ifdef HAVE_STDLIB_H
| #  include <stdlib.h>
| # endif
| #endif
| #ifdef HAVE_STRING_H
| # if !defined STDC_HEADERS && defined HAVE_MEMORY_H
| #  include <memory.h>
| # endif
| # include <string.h>
| #endif
| #ifdef HAVE_STRINGS_H
| # include <strings.h>
| #endif
| #ifdef HAVE_INTTYPES_H
| # include <inttypes.h>
| #endif
| #ifdef HAVE_STDINT_H
| # include <stdint.h>
| #endif
| #ifdef HAVE_UNISTD_H
| # include <unistd.h>
| #endif
| int
| main ()
| {
| if (sizeof ((_Bool)))
| 	  return 0;
|   ;
|   return 0;
| }
configure:5098: result: yes
configure:5117: checking for an ANSI C-conforming const
configure:5192: gcc -c -g -O2  conftest.c >&5
configure:5199: $? = 0
configure:5214: result: yes
configure:5224: checking for inline
configure:5250: gcc -c -g -O2  conftest.c >&5
configure:5257: $? = 0
configure:5275: result: inline
configure:5294: checking for pid_t
configure:5322: gcc -c -g -O2  conftest.c >&5
configure:5329: $? = 0
configure:5356: gcc -c -g -O2  conftest.c >&5
conftest.c: In function 'main':
conftest.c:62: error: expected expression before ')' token
configure:5363: $? = 1
configure: failed program was:
| /* confdefs.h.  */
| #define PACKAGE_NAME "FULL-PACKAGE-NAME"
| #define PACKAGE_TARNAME "full-package-name"
| #define PACKAGE_VERSION "VERSION"
| #define PACKAGE_STRING "FULL-PACKAGE-NAME VERSION"
| #define PACKAGE_BUGREPORT "BUG-REPORT-ADDRESS"
| #define PACKAGE "full-package-name"
| #define VERSION "VERSION"
| #define STDC_HEADERS 1
| #define HAVE_SYS_WAIT_H 1
| #define HAVE_SYS_TYPES_H 1
| #define HAVE_SYS_STAT_H 1
| #define HAVE_STDLIB_H 1
| #define HAVE_STRING_H 1
| #define HAVE_MEMORY_H 1
| #define HAVE_STRINGS_H 1
| #define HAVE_INTTYPES_H 1
| #define HAVE_STDINT_H 1
| #define HAVE_UNISTD_H 1
| #define HAVE_STDLIB_H 1
| #define HAVE_SYS_TIME_H 1
| #define HAVE_UNISTD_H 1
| #define HAVE__BOOL 1
| #define HAVE_STDBOOL_H 1
| /* end confdefs.h.  */
| #include <stdio.h>
| #ifdef HAVE_SYS_TYPES_H
| # include <sys/types.h>
| #endif
| #ifdef HAVE_SYS_STAT_H
| # include <sys/stat.h>
| #endif
| #ifdef STDC_HEADERS
| # include <stdlib.h>
| # include <stddef.h>
| #else
| # ifdef HAVE_STDLIB_H
| #  include <stdlib.h>
| # endif
| #endif
| #ifdef HAVE_STRING_H
| # if !defined STDC_HEADERS && defined HAVE_MEMORY_H
| #  include <memory.h>
| # endif
| # include <string.h>
| #endif
| #ifdef HAVE_STRINGS_H
| # include <strings.h>
| #endif
| #ifdef HAVE_INTTYPES_H
| # include <inttypes.h>
| #endif
| #ifdef HAVE_STDINT_H
| # include <stdint.h>
| #endif
| #ifdef HAVE_UNISTD_H
| # include <unistd.h>
| #endif
| int
| main ()
| {
| if (sizeof ((pid_t)))
| 	  return 0;
|   ;
|   return 0;
| }
configure:5386: result: yes
configure:5398: checking for size_t
configure:5426: gcc -c -g -O2  conftest.c >&5
configure:5433: $? = 0
configure:5460: gcc -c -g -O2  conftest.c >&5
conftest.c: In function 'main':
conftest.c:62: error: expected expression before ')' token
configure:5467: $? = 1
configure: failed program was:
| /* confdefs.h.  */
| #define PACKAGE_NAME "FULL-PACKAGE-NAME"
| #define PACKAGE_TARNAME "full-package-name"
| #define PACKAGE_VERSION "VERSION"
| #define PACKAGE_STRING "FULL-PACKAGE-NAME VERSION"
| #define PACKAGE_BUGREPORT "BUG-REPORT-ADDRESS"
| #define PACKAGE "full-package-name"
| #define VERSION "VERSION"
| #define STDC_HEADERS 1
| #define HAVE_SYS_WAIT_H 1
| #define HAVE_SYS_TYPES_H 1
| #define HAVE_SYS_STAT_H 1
| #define HAVE_STDLIB_H 1
| #define HAVE_STRING_H 1
| #define HAVE_MEMORY_H 1
| #define HAVE_STRINGS_H 1
| #define HAVE_INTTYPES_H 1
| #define HAVE_STDINT_H 1
| #define HAVE_UNISTD_H 1
| #define HAVE_STDLIB_H 1
| #define HAVE_SYS_TIME_H 1
| #define HAVE_UNISTD_H 1
| #define HAVE__BOOL 1
| #define HAVE_STDBOOL_H 1
| /* end confdefs.h.  */
| #include <stdio.h>
| #ifdef HAVE_SYS_TYPES_H
| # include <sys/types.h>
| #endif
| #ifdef HAVE_SYS_STAT_H
| # include <sys/stat.h>
| #endif
| #ifdef STDC_HEADERS
| # include <stdlib.h>
| # include <stddef.h>
| #else
| # ifdef HAVE_STDLIB_H
| #  include <stdlib.h>
| # endif
| #endif
| #ifdef HAVE_STRING_H
| # if !defined STDC_HEADERS && defined HAVE_MEMORY_H
| #  include <memory.h>
| # endif
| # include <string.h>
| #endif
| #ifdef HAVE_STRINGS_H
| # include <strings.h>
| #endif
| #ifdef HAVE_INTTYPES_H
| # include <inttypes.h>
| #endif
| #ifdef HAVE_STDINT_H
| # include <stdint.h>
| #endif
| #ifdef HAVE_UNISTD_H
| # include <unistd.h>
| #endif
| int
| main ()
| {
| if (sizeof ((size_t)))
| 	  return 0;
|   ;
|   return 0;
| }
configure:5490: result: yes
configure:5502: checking whether time.h and sys/time.h may both be included
configure:5532: gcc -c -g -O2  conftest.c >&5
configure:5539: $? = 0
configure:5554: result: yes
configure:5566: checking for error_at_line
configure:5592: gcc -o conftest -g -O2   conftest.c  >&5
configure:5599: $? = 0
configure:5619: result: yes
configure:5646: checking vfork.h usability
configure:5663: gcc -c -g -O2  conftest.c >&5
conftest.c:60:19: error: vfork.h: No such file or directory
configure:5670: $? = 1
configure: failed program was:
| /* confdefs.h.  */
| #define PACKAGE_NAME "FULL-PACKAGE-NAME"
| #define PACKAGE_TARNAME "full-package-name"
| #define PACKAGE_VERSION "VERSION"
| #define PACKAGE_STRING "FULL-PACKAGE-NAME VERSION"
| #define PACKAGE_BUGREPORT "BUG-REPORT-ADDRESS"
| #define PACKAGE "full-package-name"
| #define VERSION "VERSION"
| #define STDC_HEADERS 1
| #define HAVE_SYS_WAIT_H 1
| #define HAVE_SYS_TYPES_H 1
| #define HAVE_SYS_STAT_H 1
| #define HAVE_STDLIB_H 1
| #define HAVE_STRING_H 1
| #define HAVE_MEMORY_H 1
| #define HAVE_STRINGS_H 1
| #define HAVE_INTTYPES_H 1
| #define HAVE_STDINT_H 1
| #define HAVE_UNISTD_H 1
| #define HAVE_STDLIB_H 1
| #define HAVE_SYS_TIME_H 1
| #define HAVE_UNISTD_H 1
| #define HAVE__BOOL 1
| #define HAVE_STDBOOL_H 1
| #define TIME_WITH_SYS_TIME 1
| /* end confdefs.h.  */
| #include <stdio.h>
| #ifdef HAVE_SYS_TYPES_H
| # include <sys/types.h>
| #endif
| #ifdef HAVE_SYS_STAT_H
| # include <sys/stat.h>
| #endif
| #ifdef STDC_HEADERS
| # include <stdlib.h>
| # include <stddef.h>
| #else
| # ifdef HAVE_STDLIB_H
| #  include <stdlib.h>
| # endif
| #endif
| #ifdef HAVE_STRING_H
| # if !defined STDC_HEADERS && defined HAVE_MEMORY_H
| #  include <memory.h>
| # endif
| # include <string.h>
| #endif
| #ifdef HAVE_STRINGS_H
| # include <strings.h>
| #endif
| #ifdef HAVE_INTTYPES_H
| # include <inttypes.h>
| #endif
| #ifdef HAVE_STDINT_H
| # include <stdint.h>
| #endif
| #ifdef HAVE_UNISTD_H
| # include <unistd.h>
| #endif
| #include <vfork.h>
configure:5684: result: no
configure:5688: checking vfork.h presence
configure:5703: gcc -E  conftest.c
conftest.c:27:19: error: vfork.h: No such file or directory
configure:5710: $? = 1
configure: failed program was:
| /* confdefs.h.  */
| #define PACKAGE_NAME "FULL-PACKAGE-NAME"
| #define PACKAGE_TARNAME "full-package-name"
| #define PACKAGE_VERSION "VERSION"
| #define PACKAGE_STRING "FULL-PACKAGE-NAME VERSION"
| #define PACKAGE_BUGREPORT "BUG-REPORT-ADDRESS"
| #define PACKAGE "full-package-name"
| #define VERSION "VERSION"
| #define STDC_HEADERS 1
| #define HAVE_SYS_WAIT_H 1
| #define HAVE_SYS_TYPES_H 1
| #define HAVE_SYS_STAT_H 1
| #define HAVE_STDLIB_H 1
| #define HAVE_STRING_H 1
| #define HAVE_MEMORY_H 1
| #define HAVE_STRINGS_H 1
| #define HAVE_INTTYPES_H 1
| #define HAVE_STDINT_H 1
| #define HAVE_UNISTD_H 1
| #define HAVE_STDLIB_H 1
| #define HAVE_SYS_TIME_H 1
| #define HAVE_UNISTD_H 1
| #define HAVE__BOOL 1
| #define HAVE_STDBOOL_H 1
| #define TIME_WITH_SYS_TIME 1
| /* end confdefs.h.  */
| #include <vfork.h>
configure:5724: result: no
configure:5757: checking for vfork.h
configure:5766: result: no
configure:5786: checking for fork
configure:5842: gcc -o conftest -g -O2   conftest.c  >&5
conftest.c:50: warning: conflicting types for built-in function 'fork'
configure:5849: $? = 0
configure:5871: result: yes
configure:5786: checking for vfork
configure:5842: gcc -o conftest -g -O2   conftest.c  >&5
configure:5849: $? = 0
configure:5871: result: yes
configure:5884: checking for working fork
configure:5916: gcc -o conftest -g -O2   conftest.c  >&5
configure:5920: $? = 0
configure:5926: ./conftest
configure:5930: $? = 0
configure:5947: result: yes
configure:5968: checking for working vfork
configure:6109: result: yes
configure:6140: checking for working strtod
configure:6191: gcc -o conftest -g -O2   conftest.c  >&5
configure:6195: $? = 0
configure:6201: ./conftest
configure:6205: $? = 0
configure:6222: result: yes
configure:6395: checking for main in -lgslcblas
configure:6424: gcc -o conftest -g -O2   conftest.c -lgslcblas   >&5
configure:6431: $? = 0
configure:6452: result: yes
configure:6467: checking for main in -lgsl
configure:6496: gcc -o conftest -g -O2   conftest.c -lgsl  -lgslcblas  >&5
configure:6503: $? = 0
configure:6524: result: yes
configure:6539: checking for main in -lgrace_np
configure:6568: gcc -o conftest -g -O2   conftest.c -lgrace_np  -lgsl -lgslcblas  >&5
configure:6575: $? = 0
configure:6596: result: yes
configure:6611: checking for main in -lmysqlpp
configure:6640: gcc -o conftest -g -O2   conftest.c -lmysqlpp  -lgrace_np -lgsl -lgslcblas  >&5
configure:6647: $? = 0
configure:6668: result: yes
configure:6686: checking for gettimeofday
configure:6742: gcc -o conftest -g -O2   conftest.c -lmysqlpp -lgrace_np -lgsl -lgslcblas  >&5
configure:6749: $? = 0
configure:6771: result: yes
configure:6909: creating ./config.status

## ---------------------- ##
## Running config.status. ##
## ---------------------- ##

This file was extended by FULL-PACKAGE-NAME config.status VERSION, which was
generated by GNU Autoconf 2.63.  Invocation command line was

  CONFIG_FILES    = 
  CONFIG_HEADERS  = 
  CONFIG_LINKS    = 
  CONFIG_COMMANDS = 
  $ ./config.status 

on localhost

config.status:792: creating Makefile
config.status:792: creating config.h
config.status:1014: config.h is unchanged
config.status:1066: executing depfiles commands

## ---------------- ##
## Cache variables. ##
## ---------------- ##

ac_cv_c_compiler_gnu=yes
ac_cv_c_const=yes
ac_cv_c_inline=inline
ac_cv_cxx_compiler_gnu=yes
ac_cv_env_CCC_set=
ac_cv_env_CCC_value=
ac_cv_env_CC_set=
ac_cv_env_CC_value=
ac_cv_env_CFLAGS_set=
ac_cv_env_CFLAGS_value=
ac_cv_env_CPPFLAGS_set=
ac_cv_env_CPPFLAGS_value=
ac_cv_env_CPP_set=
ac_cv_env_CPP_value=
ac_cv_env_CXXFLAGS_set=
ac_cv_env_CXXFLAGS_value=
ac_cv_env_CXX_set=
ac_cv_env_CXX_value=
ac_cv_env_LDFLAGS_set=
ac_cv_env_LDFLAGS_value=
ac_cv_env_LIBS_set=
ac_cv_env_LIBS_value=
ac_cv_env_build_alias_set=
ac_cv_env_build_alias_value=
ac_cv_env_host_alias_set=
ac_cv_env_host_alias_value=
ac_cv_env_target_alias_set=
ac_cv_env_target_alias_value=
ac_cv_func_fork=yes
ac_cv_func_fork_works=yes
ac_cv_func_gettimeofday=yes
ac_cv_func_strtod=yes
ac_cv_func_vfork=yes
ac_cv_func_vfork_works=yes
ac_cv_header_inttypes_h=yes
ac_cv_header_memory_h=yes
ac_cv_header_stdbool_h=yes
ac_cv_header_stdc=yes
ac_cv_header_stdint_h=yes
ac_cv_header_stdlib_h=yes
ac_cv_header_string_h=yes
ac_cv_header_strings_h=yes
ac_cv_header_sys_stat_h=yes
ac_cv_header_sys_time_h=yes
ac_cv_header_sys_types_h=yes
ac_cv_header_sys_wait_h=yes
ac_cv_header_time=yes
ac_cv_header_unistd_h=yes
ac_cv_header_vfork_h=no
ac_cv_lib_error_at_line=yes
ac_cv_lib_grace_np=ac_cv_lib_grace_np_main
ac_cv_lib_grace_np_main=yes
ac_cv_lib_gsl=ac_cv_lib_gsl_main
ac_cv_lib_gsl_main=yes
ac_cv_lib_gslcblas=ac_cv_lib_gslcblas_main
ac_cv_lib_gslcblas_main=yes
ac_cv_lib_mysqlpp=ac_cv_lib_mysqlpp_main
ac_cv_lib_mysqlpp_main=yes
ac_cv_objext=o
ac_cv_path_EGREP='/bin/grep -E'
ac_cv_path_GREP=/bin/grep
ac_cv_path_install='/usr/bin/install -c'
ac_cv_path_mkdir=/bin/mkdir
ac_cv_prog_AWK=gawk
ac_cv_prog_CPP='gcc -E'
ac_cv_prog_ac_ct_CC=gcc
ac_cv_prog_ac_ct_CXX=g++
ac_cv_prog_cc_c89=
ac_cv_prog_cc_g=yes
ac_cv_prog_cxx_g=yes
ac_cv_prog_make_make_set=yes
ac_cv_type__Bool=yes
ac_cv_type_pid_t=yes
ac_cv_type_size_t=yes
am_cv_CC_dependencies_compiler_type=gcc3
am_cv_CXX_dependencies_compiler_type=gcc3

## ----------------- ##
## Output variables. ##
## ----------------- ##

ACLOCAL='${SHELL} /home/dli/ad/xr-forward/missing --run aclocal-1.10'
AMDEPBACKSLASH='\'
AMDEP_FALSE='#'
AMDEP_TRUE=''
AMTAR='${SHELL} /home/dli/ad/xr-forward/missing --run tar'
AUTOCONF='${SHELL} /home/dli/ad/xr-forward/missing --run autoconf'
AUTOHEADER='${SHELL} /home/dli/ad/xr-forward/missing --run autoheader'
AUTOMAKE='${SHELL} /home/dli/ad/xr-forward/missing --run automake-1.10'
AWK='gawk'
CC='gcc'
CCDEPMODE='depmode=gcc3'
CFLAGS='-g -O2'
CPP='gcc -E'
CPPFLAGS=''
CXX='g++'
CXXDEPMODE='depmode=gcc3'
CXXFLAGS='-g -O2'
CYGPATH_W='echo'
DEFS='-DHAVE_CONFIG_H'
DEPDIR='.deps'
ECHO_C=''
ECHO_N='-n'
ECHO_T=''
EGREP='/bin/grep -E'
EXEEXT=''
GREP='/bin/grep'
INSTALL_DATA='${INSTALL} -m 644'
INSTALL_PROGRAM='${INSTALL}'
INSTALL_SCRIPT='${INSTALL}'
INSTALL_STRIP_PROGRAM='$(install_sh) -c -s'
LDFLAGS=''
LIBOBJS=''
LIBS='-lmysqlpp -lgrace_np -lgsl -lgslcblas '
LTLIBOBJS=''
MAKEINFO='${SHELL} /home/dli/ad/xr-forward/missing --run makeinfo'
MKDIR_P='/bin/mkdir -p'
OBJEXT='o'
PACKAGE='full-package-name'
PACKAGE_BUGREPORT='BUG-REPORT-ADDRESS'
PACKAGE_NAME='FULL-PACKAGE-NAME'
PACKAGE_STRING='FULL-PACKAGE-NAME VERSION'
PACKAGE_TARNAME='full-package-name'
PACKAGE_VERSION='VERSION'
PATH_SEPARATOR=':'
POW_LIB=''
SET_MAKE=''
SHELL='/bin/sh'
STRIP=''
VERSION='VERSION'
ac_ct_CC='gcc'
ac_ct_CXX='g++'
am__fastdepCC_FALSE='#'
am__fastdepCC_TRUE=''
am__fastdepCXX_FALSE='#'
am__fastdepCXX_TRUE=''
am__include='include'
am__isrc=''
am__leading_dot='.'
am__quote=''
am__tar='${AMTAR} chof - "$$tardir"'
am__untar='${AMTAR} xf -'
bindir='${exec_prefix}/bin'
build_alias=''
datadir='${datarootdir}'
datarootdir='${prefix}/share'
docdir='${datarootdir}/doc/${PACKAGE_TARNAME}'
dvidir='${docdir}'
exec_prefix='${prefix}'
host_alias=''
htmldir='${docdir}'
includedir='${prefix}/include'
infodir='${datarootdir}/info'
install_sh='$(SHELL) /home/dli/ad/xr-forward/install-sh'
libdir='${exec_prefix}/lib'
libexecdir='${exec_prefix}/libexec'
localedir='${datarootdir}/locale'
localstatedir='${prefix}/var'
mandir='${datarootdir}/man'
mkdir_p='/bin/mkdir -p'
oldincludedir='/usr/include'
pdfdir='${docdir}'
prefix='/usr/local'
program_transform_name='s,x,x,'
psdir='${docdir}'
sbindir='${exec_prefix}/sbin'
sharedstatedir='${prefix}/com'
sysconfdir='${prefix}/etc'
target_alias=''

## ----------- ##
## confdefs.h. ##
## ----------- ##

#define PACKAGE_NAME "FULL-PACKAGE-NAME"
#define PACKAGE_TARNAME "full-package-name"
#define PACKAGE_VERSION "VERSION"
#define PACKAGE_STRING "FULL-PACKAGE-NAME VERSION"
#define PACKAGE_BUGREPORT "BUG-REPORT-ADDRESS"
#define PACKAGE "full-package-name"
#define VERSION "VERSION"
#define STDC_HEADERS 1
#define HAVE_SYS_WAIT_H 1
#define HAVE_SYS_TYPES_H 1
#define HAVE_SYS_STAT_H 1
#define HAVE_STDLIB_H 1
#define HAVE_STRING_H 1
#define HAVE_MEMORY_H 1
#define HAVE_STRINGS_H 1
#define HAVE_INTTYPES_H 1
#define HAVE_STDINT_H 1
#define HAVE_UNISTD_H 1
#define HAVE_STDLIB_H 1
#define HAVE_SYS_TIME_H 1
#define HAVE_UNISTD_H 1
#define HAVE__BOOL 1
#define HAVE_STDBOOL_H 1
#define TIME_WITH_SYS_TIME 1
#define HAVE_FORK 1
#define HAVE_VFORK 1
#define HAVE_WORKING_VFORK 1
#define HAVE_WORKING_FORK 1
#define HAVE_LIBGSLCBLAS 1
#define HAVE_LIBGSL 1
#define HAVE_LIBGRACE_NP 1
#define HAVE_LIBMYSQLPP 1
#define HAVE_GETTIMEOFDAY 1

configure: exit 0
